<?xml version="1.0" encoding="UTF-8"?>
<!-- Generated by org.testng.reporters.JUnitReportReporter -->
<testsuite hostname="DESKTOP-OJSJBRH" failures="0" tests="3" name="Demo1.PriorityDemo" time="0.031" errors="0" timestamp="2023-07-14T10:37:30 IST" skipped="0">
  <testcase classname="Demo1.PriorityDemo" name="method3" time="0.028"/>
  <testcase classname="Demo1.PriorityDemo" name="method1" time="0.002"/>
  <testcase classname="Demo1.PriorityDemo" name="method2" time="0.001"/>
</testsuite> <!-- Demo1.PriorityDemo -->
