<?xml version="1.0" encoding="UTF-8"?>
<!-- Generated by org.testng.reporters.JUnitReportReporter -->
<testsuite hostname="DESKTOP-OJSJBRH" failures="0" tests="3" name="Demo1.GroupsDemo" time="0.054" errors="0" timestamp="2023-07-14T10:37:31 IST" skipped="0">
  <testcase classname="Demo1.GroupsDemo" name="method2" time="0.003"/>
  <testcase classname="Demo1.GroupsDemo" name="method1" time="0.043"/>
  <testcase classname="Demo1.GroupsDemo" name="method3" time="0.008"/>
</testsuite> <!-- Demo1.GroupsDemo -->
