<?xml version="1.0" encoding="UTF-8"?>
<!-- Generated by org.testng.reporters.JUnitReportReporter -->
<testsuite hostname="DESKTOP-OJSJBRH" failures="0" tests="2" name="Demo2.Test2" time="0.041" errors="0" timestamp="2023-07-14T10:37:30 IST" skipped="0">
  <testcase classname="Demo2.Test2" name="method2" time="0.005"/>
  <testcase classname="Demo2.Test2" name="method1" time="0.036"/>
</testsuite> <!-- Demo2.Test2 -->
