<?xml version="1.0" encoding="UTF-8"?>
<!-- Generated by org.testng.reporters.JUnitReportReporter -->
<testsuite hostname="DESKTOP-OJSJBRH" failures="0" tests="2" name="Demo1.Test1" time="0.030" errors="0" timestamp="2023-07-14T10:37:30 IST" skipped="0">
  <testcase classname="Demo1.Test1" name="method2" time="0.010"/>
  <testcase classname="Demo1.Test1" name="method1" time="0.020"/>
</testsuite> <!-- Demo1.Test1 -->
