<?xml version="1.0" encoding="UTF-8"?>
<!-- Generated by org.testng.reporters.JUnitReportReporter -->
<testsuite hostname="DESKTOP-OJSJBRH" failures="0" tests="12" name="Demo1.OtherAnnotations" time="0.114" errors="0" timestamp="2023-07-14T10:37:31 IST" skipped="1">
  <testcase classname="Demo1.OtherAnnotations" name="method1" time="0.004"/>
  <testcase classname="Demo1.OtherAnnotations" name="method2" time="0.037"/>
  <testcase classname="Demo1.OtherAnnotations" name="method1" time="0.006"/>
  <testcase classname="Demo1.OtherAnnotations" name="method1" time="0.003"/>
  <testcase classname="Demo1.OtherAnnotations" name="method1" time="0.003"/>
  <testcase classname="Demo1.OtherAnnotations" name="method1" time="0.029"/>
  <testcase classname="Demo1.OtherAnnotations" name="method1" time="0.003"/>
  <testcase classname="Demo1.OtherAnnotations" name="method1" time="0.002"/>
  <testcase classname="Demo1.OtherAnnotations" name="method1" time="0.004"/>
  <testcase classname="Demo1.OtherAnnotations" name="method1" time="0.009"/>
  <testcase classname="Demo1.OtherAnnotations" name="method1" time="0.014"/>
  <testcase classname="Demo1.OtherAnnotations" name="method3">
    <skipped/>
  </testcase> <!-- method3 -->
</testsuite> <!-- Demo1.OtherAnnotations -->
