<?xml version="1.0" encoding="UTF-8"?>
<!-- Generated by org.testng.reporters.JUnitReportReporter -->
<testsuite hostname="DESKTOP-OJSJBRH" failures="0" tests="1" name="Demo1.parameterization" time="0.018" errors="0" timestamp="2023-07-14T12:30:20 IST" skipped="0">
  <testcase classname="Demo1.parameterization" name="method1" time="0.018"/>
</testsuite> <!-- Demo1.parameterization -->
